Performing C SOURCE FILE Test CMAKE_HAVE_LIBC_PTHREAD failed with the following output:
Change Dir: /home/leonard/Projet_PCSC_final/cmake-build-debug/CMakeFiles/CMakeTmp

Run Build Command(s):/usr/bin/make cmTC_38f5b/fast && /usr/bin/make  -f CMakeFiles/cmTC_38f5b.dir/build.make CMakeFiles/cmTC_38f5b.dir/build
make[1] : on entre dans le répertoire « /home/leonard/Projet_PCSC_final/cmake-build-debug/CMakeFiles/CMakeTmp »
Building C object CMakeFiles/cmTC_38f5b.dir/src.c.o
/usr/bin/cc   -DCMAKE_HAVE_LIBC_PTHREAD   -o CMakeFiles/cmTC_38f5b.dir/src.c.o   -c /home/leonard/Projet_PCSC_final/cmake-build-debug/CMakeFiles/CMakeTmp/src.c
Linking C executable cmTC_38f5b
/snap/clion/137/bin/cmake/linux/bin/cmake -E cmake_link_script CMakeFiles/cmTC_38f5b.dir/link.txt --verbose=1
/usr/bin/cc  -DCMAKE_HAVE_LIBC_PTHREAD    -rdynamic CMakeFiles/cmTC_38f5b.dir/src.c.o  -o cmTC_38f5b 
CMakeFiles/cmTC_38f5b.dir/src.c.o : Dans la fonction « main » :
src.c:(.text+0x3e) : référence indéfinie vers « pthread_create »
src.c:(.text+0x4a) : référence indéfinie vers « pthread_detach »
src.c:(.text+0x56) : référence indéfinie vers « pthread_cancel »
src.c:(.text+0x67) : référence indéfinie vers « pthread_join »
src.c:(.text+0x7b) : référence indéfinie vers « pthread_atfork »
collect2: error: ld returned 1 exit status
CMakeFiles/cmTC_38f5b.dir/build.make:106: recipe for target 'cmTC_38f5b' failed
make[1]: *** [cmTC_38f5b] Error 1
make[1] : on quitte le répertoire « /home/leonard/Projet_PCSC_final/cmake-build-debug/CMakeFiles/CMakeTmp »
Makefile:141: recipe for target 'cmTC_38f5b/fast' failed
make: *** [cmTC_38f5b/fast] Error 2


Source file was:
#include <pthread.h>

void* test_func(void* data)
{
  return data;
}

int main(void)
{
  pthread_t thread;
  pthread_create(&thread, NULL, test_func, NULL);
  pthread_detach(thread);
  pthread_cancel(thread);
  pthread_join(thread, NULL);
  pthread_atfork(NULL, NULL, NULL);
  pthread_exit(NULL);

  return 0;
}

